This file contains any messages produced by compilers while
running configure, to aid debugging if configure makes a mistake.

It was created by configure, which was
generated by GNU Autoconf 2.64.  Invocation command line was

  $ ../gcc-4.9.2/configure --prefix=/mingw64 --with-local-prefix=/mingw64/local --build=x86_64-w64-mingw32 --host=x86_64-w64-mingw32 --target=x86_64-w64-mingw32 --with-native-system-header-dir=/mingw64/x86_64-w64-mingw32/include --libexecdir=/mingw64/lib --with-gxx-include-dir=/mingw64/include/c++/4.9.2 --enable-bootstrap --with-arch=x86-64 --with-tune=generic --enable-languages=c,c++ --enable-shared --enable-static --enable-libatomic --enable-threads=posix --enable-graphite --enable-fully-dynamic-string --enable-libstdcxx-time=yes --disable-libstdcxx-pch --disable-libstdcxx-debug --enable-cloog-backend=isl --enable-version-specific-runtime-libs --disable-cloog-version-check --disable-isl-version-check --enable-lto --enable-libgomp --disable-multilib --enable-checking=release --disable-rpath --disable-win32-registry --disable-nls --disable-werror --disable-symvers --with-libiconv --with-system-zlib --with-gmp=/mingw64 --with-mpfr=/mingw64 --with-mpc=/mingw64 --with-isl=/mingw64 --with-cloog=/mingw64 --with-pkgversion=Rev5, Built by MSYS2 project --with-bugurl=http://sourceforge.net/projects/msys2 --with-gnu-as --with-gnu-ld

## --------- ##
## Platform. ##
## --------- ##

hostname = FRL2ERQG
uname -m = x86_64
uname -r = 2.1.2(0.287/5/3)
uname -s = MINGW64_NT-6.1
uname -v = 2015-05-05 18:25

/usr/bin/uname -p = unknown
/bin/uname -X     = unknown

/bin/arch              = x86_64
/usr/bin/arch -k       = unknown
/usr/convex/getsysinfo = unknown
/usr/bin/hostinfo      = unknown
/bin/machine           = unknown
/usr/bin/oslevel       = unknown
/bin/universe          = unknown

PATH: /mingw64/bin
PATH: /mingw64/bin
PATH: /usr/local/bin
PATH: /usr/bin
PATH: /bin
PATH: /c/Program Files (x86)/MKS/IntegrityClient9.6/bin
PATH: /c/util/perl/bin
PATH: /c/Program Files (x86)/MiKTeX 2.8/miktex/bin
PATH: /c/Windows/system32
PATH: /c/Windows
PATH: /c/Program Files (x86)/Lotus/Notes85
PATH: /c/util/qac/reportGenerator3.4
PATH: /c/LegacyApp/Compilers/Mingw32-gcc-4.7.2/gcc/bin
PATH: /c/Program Files (x86)/MKS/SOURCE~1/mkssi
PATH: /c/Program Files (x86)/MKS/SOURCE~1/mksnt
PATH: /c/Program Files (x86)/Riverbed/Steelhead Mobile
PATH: /c/Program Files (x86)/MATLAB/R2011bSP1/runtime/win32
PATH: /c/Program Files (x86)/MATLAB/R2011bSP1/bin
PATH: /c/Program Files (x86)/MKS/IntegrityClient/bin


## ----------- ##
## Core tests. ##
## ----------- ##

configure:2322: checking build system type
configure:2336: result: x86_64-w64-mingw32
configure:2383: checking host system type
configure:2396: result: x86_64-w64-mingw32
configure:2416: checking target system type
configure:2429: result: x86_64-w64-mingw32
configure:2483: checking for a BSD-compatible install
configure:2551: result: /usr/bin/install -c
configure:2562: checking whether ln works
configure:2584: result: yes
configure:2588: checking whether ln -s works
configure:2595: result: no, using cp -p
configure:2599: checking for a sed that does not truncate output
configure:2663: result: /usr/bin/sed
configure:2672: checking for gawk
configure:2688: found /usr/bin/gawk
configure:2699: result: gawk
configure:3173: checking for libcilkrts support
configure:3179: result: no
configure:3192: checking for libitm support
configure:3198: result: no
configure:3211: checking for libsanitizer support
configure:3217: result: no
configure:3230: checking for libvtv support
configure:3236: result: no
configure:3933: checking for x86_64-w64-mingw32-gcc
configure:3949: found /mingw64/bin/x86_64-w64-mingw32-gcc
configure:3960: result: x86_64-w64-mingw32-gcc
configure:4229: checking for C compiler version
configure:4238: x86_64-w64-mingw32-gcc --version >&5
x86_64-w64-mingw32-gcc.exe (Rev5, Built by MSYS2 project) 4.9.2
Copyright (C) 2014 Free Software Foundation, Inc.
This is free software; see the source for copying conditions.  There is NO
warranty; not even for MERCHANTABILITY or FITNESS FOR A PARTICULAR PURPOSE.

configure:4249: $? = 0
configure:4238: x86_64-w64-mingw32-gcc -v >&5
Using built-in specs.
COLLECT_GCC=D:\casdev\msys64\mingw64\bin\x86_64-w64-mingw32-gcc.exe
COLLECT_LTO_WRAPPER=D:/casdev/msys64/mingw64/bin/../lib/gcc/x86_64-w64-mingw32/4.9.2/lto-wrapper.exe
Target: x86_64-w64-mingw32
Configured with: ../gcc-4.9.2/configure --prefix=/mingw64 --with-local-prefix=/mingw64/local --build=x86_64-w64-mingw32 --host=x86_64-w64-mingw32 --target=x86_64-w64-mingw32 --with-native-system-header-dir=/mingw64/x86_64-w64-mingw32/include --libexecdir=/mingw64/lib --with-gxx-include-dir=/mingw64/include/c++/4.9.2 --enable-bootstrap --with-arch=x86-64 --with-tune=generic --enable-languages=c,lto,c++,objc,obj-c++,fortran,ada --enable-shared --enable-static --enable-libatomic --enable-threads=posix --enable-graphite --enable-fully-dynamic-string --enable-libstdcxx-time=yes --disable-libstdcxx-pch --disable-libstdcxx-debug --enable-cloog-backend=isl --enable-version-specific-runtime-libs --disable-cloog-version-check --disable-isl-version-check --enable-lto --enable-libgomp --disable-multilib --enable-checking=release --disable-rpath --disable-win32-registry --disable-nls --disable-werror --disable-symvers --with-libiconv --with-system-zlib --with-gmp=/mingw64 --with-mpfr=/mingw64 --with-mpc=/mingw64 --with-isl=/mingw64 --with-cloog=/mingw64 --with-pkgversion='Rev5, Built by MSYS2 project' --with-bugurl=http://sourceforge.net/projects/msys2 --with-gnu-as --with-gnu-ld
Thread model: posix
gcc version 4.9.2 (Rev5, Built by MSYS2 project) 
configure:4249: $? = 0
configure:4238: x86_64-w64-mingw32-gcc -V >&5
x86_64-w64-mingw32-gcc.exe: error: unrecognized command line option '-V'
x86_64-w64-mingw32-gcc.exe: fatal error: no input files
compilation terminated.
configure:4249: $? = 1
configure:4238: x86_64-w64-mingw32-gcc -qversion >&5
x86_64-w64-mingw32-gcc.exe: error: unrecognized command line option '-qversion'
x86_64-w64-mingw32-gcc.exe: fatal error: no input files
compilation terminated.
configure:4249: $? = 1
configure:4269: checking for C compiler default output file name
configure:4291: x86_64-w64-mingw32-gcc -march=x86-64 -mtune=generic -O2 -pipe -D_FORTIFY_SOURCE=2 -D__USE_MINGW_ANSI_STDIO=1 -pipe conftest.c  >&5
configure:4295: $? = 0
configure:4332: result: a.exe
configure:4348: checking whether the C compiler works
configure:4357: ./a.exe
configure:4361: $? = 0
configure:4376: result: yes
configure:4383: checking whether we are cross compiling
configure:4385: result: no
configure:4388: checking for suffix of executables
configure:4395: x86_64-w64-mingw32-gcc -o conftest.exe -march=x86-64 -mtune=generic -O2 -pipe -D_FORTIFY_SOURCE=2 -D__USE_MINGW_ANSI_STDIO=1 -pipe conftest.c  >&5
configure:4399: $? = 0
configure:4421: result: .exe
configure:4427: checking for suffix of object files
configure:4449: x86_64-w64-mingw32-gcc -c -march=x86-64 -mtune=generic -O2 -pipe -D_FORTIFY_SOURCE=2 -D__USE_MINGW_ANSI_STDIO=1 conftest.c >&5
configure:4453: $? = 0
configure:4474: result: o
configure:4478: checking whether we are using the GNU C compiler
configure:4497: x86_64-w64-mingw32-gcc -c -march=x86-64 -mtune=generic -O2 -pipe -D_FORTIFY_SOURCE=2 -D__USE_MINGW_ANSI_STDIO=1 conftest.c >&5
configure:4497: $? = 0
configure:4506: result: yes
configure:4515: checking whether x86_64-w64-mingw32-gcc accepts -g
configure:4535: x86_64-w64-mingw32-gcc -c -g -D_FORTIFY_SOURCE=2 -D__USE_MINGW_ANSI_STDIO=1 conftest.c >&5
configure:4535: $? = 0
configure:4576: result: yes
configure:4593: checking for x86_64-w64-mingw32-gcc option to accept ISO C89
configure:4657: x86_64-w64-mingw32-gcc  -c -march=x86-64 -mtune=generic -O2 -pipe -D_FORTIFY_SOURCE=2 -D__USE_MINGW_ANSI_STDIO=1 conftest.c >&5
configure:4657: $? = 0
configure:4670: result: none needed
configure:4704: checking for x86_64-w64-mingw32-g++
configure:4720: found /mingw64/bin/x86_64-w64-mingw32-g++
configure:4731: result: x86_64-w64-mingw32-g++
configure:4802: checking for C++ compiler version
configure:4811: x86_64-w64-mingw32-g++ --version >&5
x86_64-w64-mingw32-g++.exe (Rev5, Built by MSYS2 project) 4.9.2
Copyright (C) 2014 Free Software Foundation, Inc.
This is free software; see the source for copying conditions.  There is NO
warranty; not even for MERCHANTABILITY or FITNESS FOR A PARTICULAR PURPOSE.

configure:4822: $? = 0
configure:4811: x86_64-w64-mingw32-g++ -v >&5
Using built-in specs.
COLLECT_GCC=D:\casdev\msys64\mingw64\bin\x86_64-w64-mingw32-g++.exe
COLLECT_LTO_WRAPPER=D:/casdev/msys64/mingw64/bin/../lib/gcc/x86_64-w64-mingw32/4.9.2/lto-wrapper.exe
Target: x86_64-w64-mingw32
Configured with: ../gcc-4.9.2/configure --prefix=/mingw64 --with-local-prefix=/mingw64/local --build=x86_64-w64-mingw32 --host=x86_64-w64-mingw32 --target=x86_64-w64-mingw32 --with-native-system-header-dir=/mingw64/x86_64-w64-mingw32/include --libexecdir=/mingw64/lib --with-gxx-include-dir=/mingw64/include/c++/4.9.2 --enable-bootstrap --with-arch=x86-64 --with-tune=generic --enable-languages=c,lto,c++,objc,obj-c++,fortran,ada --enable-shared --enable-static --enable-libatomic --enable-threads=posix --enable-graphite --enable-fully-dynamic-string --enable-libstdcxx-time=yes --disable-libstdcxx-pch --disable-libstdcxx-debug --enable-cloog-backend=isl --enable-version-specific-runtime-libs --disable-cloog-version-check --disable-isl-version-check --enable-lto --enable-libgomp --disable-multilib --enable-checking=release --disable-rpath --disable-win32-registry --disable-nls --disable-werror --disable-symvers --with-libiconv --with-system-zlib --with-gmp=/mingw64 --with-mpfr=/mingw64 --with-mpc=/mingw64 --with-isl=/mingw64 --with-cloog=/mingw64 --with-pkgversion='Rev5, Built by MSYS2 project' --with-bugurl=http://sourceforge.net/projects/msys2 --with-gnu-as --with-gnu-ld
Thread model: posix
gcc version 4.9.2 (Rev5, Built by MSYS2 project) 
configure:4822: $? = 0
configure:4811: x86_64-w64-mingw32-g++ -V >&5
x86_64-w64-mingw32-g++.exe: error: unrecognized command line option '-V'
x86_64-w64-mingw32-g++.exe: fatal error: no input files
compilation terminated.
configure:4822: $? = 1
configure:4811: x86_64-w64-mingw32-g++ -qversion >&5
x86_64-w64-mingw32-g++.exe: error: unrecognized command line option '-qversion'
x86_64-w64-mingw32-g++.exe: fatal error: no input files
compilation terminated.
configure:4822: $? = 1
configure:4826: checking whether we are using the GNU C++ compiler
configure:4845: x86_64-w64-mingw32-g++ -c -march=x86-64 -mtune=generic -O2 -pipe -D_FORTIFY_SOURCE=2 -D__USE_MINGW_ANSI_STDIO=1 conftest.cpp >&5
configure:4845: $? = 0
configure:4854: result: yes
configure:4863: checking whether x86_64-w64-mingw32-g++ accepts -g
configure:4883: x86_64-w64-mingw32-g++ -c -g -D_FORTIFY_SOURCE=2 -D__USE_MINGW_ANSI_STDIO=1 conftest.cpp >&5
configure:4883: $? = 0
configure:4924: result: yes
configure:4973: checking whether g++ accepts -static-libstdc++ -static-libgcc
configure:4990: x86_64-w64-mingw32-g++ -o conftest.exe -march=x86-64 -mtune=generic -O2 -pipe -D_FORTIFY_SOURCE=2 -D__USE_MINGW_ANSI_STDIO=1 -pipe -static-libstdc++ -static-libgcc conftest.cpp  >&5
configure:4990: $? = 0
configure:4991: result: yes
configure:5015: checking for x86_64-w64-mingw32-gnatbind
configure:5045: result: no
configure:5055: checking for gnatbind
configure:5071: found /mingw64/bin/gnatbind
configure:5082: result: gnatbind
configure:5107: checking for x86_64-w64-mingw32-gnatmake
configure:5137: result: no
configure:5147: checking for gnatmake
configure:5163: found /mingw64/bin/gnatmake
configure:5174: result: gnatmake
configure:5196: checking whether compiler driver understands Ada
configure:5219: result: yes
configure:5228: checking how to compare bootstrapped objects
configure:5253: result: cmp --ignore-initial=16 $$f1 $$f2
configure:5307: checking for objdir
configure:5322: result: .libs
configure:5496: checking for the correct version of gmp.h
configure:5516: x86_64-w64-mingw32-gcc -c -march=x86-64 -mtune=generic -O2 -pipe -I/mingw64/include -I/mingw64/include -I/mingw64/include  -D_FORTIFY_SOURCE=2 -D__USE_MINGW_ANSI_STDIO=1 conftest.c >&5
configure:5516: $? = 0
configure:5534: x86_64-w64-mingw32-gcc -c -march=x86-64 -mtune=generic -O2 -pipe -I/mingw64/include -I/mingw64/include -I/mingw64/include  -D_FORTIFY_SOURCE=2 -D__USE_MINGW_ANSI_STDIO=1 conftest.c >&5
configure:5534: $? = 0
configure:5535: result: yes
configure:5551: checking for the correct version of mpfr.h
configure:5569: x86_64-w64-mingw32-gcc -c -march=x86-64 -mtune=generic -O2 -pipe -I/mingw64/include -I/mingw64/include -I/mingw64/include  -D_FORTIFY_SOURCE=2 -D__USE_MINGW_ANSI_STDIO=1 conftest.c >&5
configure:5569: $? = 0
configure:5586: x86_64-w64-mingw32-gcc -c -march=x86-64 -mtune=generic -O2 -pipe -I/mingw64/include -I/mingw64/include -I/mingw64/include  -D_FORTIFY_SOURCE=2 -D__USE_MINGW_ANSI_STDIO=1 conftest.c >&5
configure:5586: $? = 0
configure:5587: result: yes
configure:5604: checking for the correct version of mpc.h
configure:5621: x86_64-w64-mingw32-gcc -c -march=x86-64 -mtune=generic -O2 -pipe -I/mingw64/include -I/mingw64/include -I/mingw64/include  -D_FORTIFY_SOURCE=2 -D__USE_MINGW_ANSI_STDIO=1 conftest.c >&5
configure:5621: $? = 0
configure:5637: x86_64-w64-mingw32-gcc -c -march=x86-64 -mtune=generic -O2 -pipe -I/mingw64/include -I/mingw64/include -I/mingw64/include  -D_FORTIFY_SOURCE=2 -D__USE_MINGW_ANSI_STDIO=1 conftest.c >&5
configure:5637: $? = 0
configure:5638: result: yes
configure:5656: checking for the correct version of the gmp/mpfr/mpc libraries
configure:5687: x86_64-w64-mingw32-gcc -o conftest.exe -march=x86-64 -mtune=generic -O2 -pipe -I/mingw64/include -I/mingw64/include -I/mingw64/include  -D_FORTIFY_SOURCE=2 -D__USE_MINGW_ANSI_STDIO=1 -pipe conftest.c  -L/mingw64/lib -L/mingw64/lib -L/mingw64/lib -lmpc -lmpfr -lgmp >&5
configure:5687: $? = 0
configure:5688: result: yes
configure:7112: checking for default BUILD_CONFIG
configure:7144: result: bootstrap-debug
configure:7149: checking for --enable-vtable-verify
configure:7162: result: no
configure:7751: checking for bison
configure:7781: result: no
configure:7751: checking for byacc
configure:7781: result: no
configure:7751: checking for yacc
configure:7781: result: no
configure:7798: checking for bison
configure:7828: result: no
configure:7845: checking for gm4
configure:7875: result: no
configure:7845: checking for gnum4
configure:7875: result: no
configure:7845: checking for m4
configure:7861: found /usr/bin/m4
configure:7872: result: m4
configure:7892: checking for flex
configure:7908: found /usr/bin/flex
configure:7919: result: flex
configure:7940: checking for flex
configure:7956: found /usr/bin/flex
configure:7967: result: flex
configure:7987: checking for makeinfo
configure:8003: found /c/Program Files (x86)/MiKTeX 2.8/miktex/bin/makeinfo
configure:8014: result: makeinfo
configure:8048: checking for expect
configure:8078: result: no
configure:8097: checking for runtest
configure:8127: result: no
configure:8203: checking for x86_64-w64-mingw32-ar
configure:8233: result: no
configure:8242: checking for ar
configure:8258: found /mingw64/bin/ar
configure:8269: result: ar
configure:8344: checking for x86_64-w64-mingw32-as
configure:8374: result: no
configure:8383: checking for as
configure:8399: found /mingw64/bin/as
configure:8410: result: as
configure:8485: checking for x86_64-w64-mingw32-dlltool
configure:8515: result: no
configure:8524: checking for dlltool
configure:8540: found /mingw64/bin/dlltool
configure:8551: result: dlltool
configure:8584: checking for ld
configure:8611: result: D:/casdev/msys64/mingw64/bin/../lib/gcc/x86_64-w64-mingw32/4.9.2/../../../../x86_64-w64-mingw32/bin/ld.exe
configure:8626: checking for x86_64-w64-mingw32-ld
configure:8653: result: D:/casdev/msys64/mingw64/bin/../lib/gcc/x86_64-w64-mingw32/4.9.2/../../../../x86_64-w64-mingw32/bin/ld.exe
configure:8767: checking for x86_64-w64-mingw32-lipo
configure:8797: result: no
configure:8806: checking for lipo
configure:8836: result: no
configure:8908: checking for x86_64-w64-mingw32-nm
configure:8938: result: no
configure:8947: checking for nm
configure:8963: found /mingw64/bin/nm
configure:8974: result: nm
configure:9049: checking for x86_64-w64-mingw32-ranlib
configure:9079: result: no
configure:9088: checking for ranlib
configure:9104: found /mingw64/bin/ranlib
configure:9115: result: ranlib
configure:9185: checking for x86_64-w64-mingw32-strip
configure:9215: result: no
configure:9224: checking for strip
configure:9240: found /mingw64/bin/strip
configure:9251: result: strip
configure:9321: checking for x86_64-w64-mingw32-windres
configure:9351: result: no
configure:9360: checking for windres
configure:9376: found /mingw64/bin/windres
configure:9387: result: windres
configure:9462: checking for x86_64-w64-mingw32-windmc
configure:9492: result: no
configure:9501: checking for windmc
configure:9517: found /mingw64/bin/windmc
configure:9528: result: windmc
configure:9603: checking for x86_64-w64-mingw32-objcopy
configure:9633: result: no
configure:9642: checking for objcopy
configure:9658: found /mingw64/bin/objcopy
configure:9669: result: objcopy
configure:9744: checking for x86_64-w64-mingw32-objdump
configure:9774: result: no
configure:9783: checking for objdump
configure:9799: found /mingw64/bin/objdump
configure:9810: result: objdump
configure:9885: checking for x86_64-w64-mingw32-readelf
configure:9915: result: no
configure:9924: checking for readelf
configure:9940: found /mingw64/bin/readelf
configure:9951: result: readelf
configure:10065: checking for x86_64-w64-mingw32-cc
configure:10095: result: no
configure:10104: checking for cc
configure:10120: found /c/LegacyApp/Compilers/Mingw32-gcc-4.7.2/gcc/bin/cc
configure:10131: result: cc
configure:10226: checking for x86_64-w64-mingw32-c++
configure:10242: found /mingw64/bin/x86_64-w64-mingw32-c++
configure:10253: result: x86_64-w64-mingw32-c++
configure:10387: checking for x86_64-w64-mingw32-gcc
configure:10403: found /mingw64/bin/x86_64-w64-mingw32-gcc
configure:10414: result: x86_64-w64-mingw32-gcc
configure:10543: checking for x86_64-w64-mingw32-gcj
configure:10573: result: no
configure:10582: checking for gcj
configure:10612: result: no
configure:10704: checking for x86_64-w64-mingw32-gfortran
configure:10734: result: no
configure:10743: checking for gfortran
configure:10773: result: no
configure:10865: checking for x86_64-w64-mingw32-gccgo
configure:10895: result: no
configure:10904: checking for gccgo
configure:10934: result: no
configure:10995: checking for ar
configure:11013: found /mingw64/x86_64-w64-mingw32/bin/ar
configure:11025: result: /mingw64/x86_64-w64-mingw32/bin/ar
configure:11225: checking for as
configure:11243: found /mingw64/x86_64-w64-mingw32/bin/as
configure:11255: result: /mingw64/x86_64-w64-mingw32/bin/as
configure:11455: checking for dlltool
configure:11473: found /mingw64/x86_64-w64-mingw32/bin/dlltool
configure:11485: result: /mingw64/x86_64-w64-mingw32/bin/dlltool
configure:11685: checking for ld
configure:11703: found /mingw64/x86_64-w64-mingw32/bin/ld
configure:11715: result: /mingw64/x86_64-w64-mingw32/bin/ld
configure:11915: checking for lipo
configure:11948: result: no
configure:12026: checking for x86_64-w64-mingw32-lipo
configure:12056: result: no
configure:12065: checking for lipo
configure:12095: result: no
configure:12145: checking for nm
configure:12163: found /mingw64/x86_64-w64-mingw32/bin/nm
configure:12175: result: /mingw64/x86_64-w64-mingw32/bin/nm
configure:12375: checking for objdump
configure:12393: found /mingw64/x86_64-w64-mingw32/bin/objdump
configure:12405: result: /mingw64/x86_64-w64-mingw32/bin/objdump
configure:12605: checking for ranlib
configure:12623: found /mingw64/x86_64-w64-mingw32/bin/ranlib
configure:12635: result: /mingw64/x86_64-w64-mingw32/bin/ranlib
configure:12835: checking for readelf
configure:12868: result: no
configure:12946: checking for x86_64-w64-mingw32-readelf
configure:12976: result: no
configure:12985: checking for readelf
configure:13001: found /mingw64/bin/readelf
configure:13012: result: readelf
configure:13065: checking for strip
configure:13083: found /mingw64/x86_64-w64-mingw32/bin/strip
configure:13095: result: /mingw64/x86_64-w64-mingw32/bin/strip
configure:13295: checking for windres
configure:13328: result: no
configure:13406: checking for x86_64-w64-mingw32-windres
configure:13436: result: no
configure:13445: checking for windres
configure:13461: found /mingw64/bin/windres
configure:13472: result: windres
configure:13525: checking for windmc
configure:13558: result: no
configure:13636: checking for x86_64-w64-mingw32-windmc
configure:13666: result: no
configure:13675: checking for windmc
configure:13691: found /mingw64/bin/windmc
configure:13702: result: windmc
configure:13733: checking where to find the target ar
configure:13761: result: pre-installed in /mingw64/x86_64-w64-mingw32/bin
configure:13775: checking where to find the target as
configure:13803: result: pre-installed in /mingw64/x86_64-w64-mingw32/bin
configure:13817: checking where to find the target cc
configure:13840: result: just compiled
configure:13859: checking where to find the target c++
configure:13885: result: just compiled
configure:13904: checking where to find the target c++ for libstdc++
configure:13930: result: just compiled
configure:13949: checking where to find the target dlltool
configure:13977: result: pre-installed in /mingw64/x86_64-w64-mingw32/bin
configure:13991: checking where to find the target gcc
configure:14014: result: just compiled
configure:14033: checking where to find the target gcj
configure:14069: result: host tool
configure:14078: checking where to find the target gfortran
configure:14114: result: host tool
configure:14123: checking where to find the target gccgo
configure:14159: result: host tool
configure:14168: checking where to find the target ld
configure:14196: result: pre-installed in /mingw64/x86_64-w64-mingw32/bin
configure:14210: checking where to find the target lipo
configure:14232: result: host tool
configure:14241: checking where to find the target nm
configure:14269: result: pre-installed in /mingw64/x86_64-w64-mingw32/bin
configure:14283: checking where to find the target objdump
configure:14311: result: pre-installed in /mingw64/x86_64-w64-mingw32/bin
configure:14325: checking where to find the target ranlib
configure:14353: result: pre-installed in /mingw64/x86_64-w64-mingw32/bin
configure:14367: checking where to find the target readelf
configure:14400: result: host tool
configure:14409: checking where to find the target strip
configure:14437: result: pre-installed in /mingw64/x86_64-w64-mingw32/bin
configure:14451: checking where to find the target windres
configure:14484: result: host tool
configure:14493: checking where to find the target windmc
configure:14526: result: host tool
configure:14563: checking whether to enable maintainer-specific portions of Makefiles
configure:14572: result: no
configure:14793: creating ./config.status

## ---------------------- ##
## Running config.status. ##
## ---------------------- ##

This file was extended by config.status, which was
generated by GNU Autoconf 2.64.  Invocation command line was

  CONFIG_FILES    = 
  CONFIG_HEADERS  = 
  CONFIG_LINKS    = 
  CONFIG_COMMANDS = 
  $ ./config.status 

on FRL2ERQG

config.status:993: creating Makefile

## ---------------- ##
## Cache variables. ##
## ---------------- ##

ac_cv_build=x86_64-w64-mingw32
ac_cv_c_compiler_gnu=yes
ac_cv_cxx_compiler_gnu=yes
ac_cv_env_AR_FOR_TARGET_set=
ac_cv_env_AR_FOR_TARGET_value=
ac_cv_env_AR_set=
ac_cv_env_AR_value=
ac_cv_env_AS_FOR_TARGET_set=
ac_cv_env_AS_FOR_TARGET_value=
ac_cv_env_AS_set=
ac_cv_env_AS_value=
ac_cv_env_CCC_set=
ac_cv_env_CCC_value=
ac_cv_env_CC_FOR_TARGET_set=
ac_cv_env_CC_FOR_TARGET_value=
ac_cv_env_CC_set=
ac_cv_env_CC_value=
ac_cv_env_CFLAGS_set=set
ac_cv_env_CFLAGS_value='-march=x86-64 -mtune=generic -O2 -pipe'
ac_cv_env_CPPFLAGS_set=set
ac_cv_env_CPPFLAGS_value='-D_FORTIFY_SOURCE=2 -D__USE_MINGW_ANSI_STDIO=1'
ac_cv_env_CXXFLAGS_set=set
ac_cv_env_CXXFLAGS_value='-march=x86-64 -mtune=generic -O2 -pipe'
ac_cv_env_CXX_FOR_TARGET_set=
ac_cv_env_CXX_FOR_TARGET_value=
ac_cv_env_CXX_set=
ac_cv_env_CXX_value=
ac_cv_env_DLLTOOL_FOR_TARGET_set=
ac_cv_env_DLLTOOL_FOR_TARGET_value=
ac_cv_env_DLLTOOL_set=
ac_cv_env_DLLTOOL_value=
ac_cv_env_GCC_FOR_TARGET_set=
ac_cv_env_GCC_FOR_TARGET_value=
ac_cv_env_GCJ_FOR_TARGET_set=
ac_cv_env_GCJ_FOR_TARGET_value=
ac_cv_env_GFORTRAN_FOR_TARGET_set=
ac_cv_env_GFORTRAN_FOR_TARGET_value=
ac_cv_env_GOC_FOR_TARGET_set=
ac_cv_env_GOC_FOR_TARGET_value=
ac_cv_env_LDFLAGS_set=set
ac_cv_env_LDFLAGS_value=-pipe
ac_cv_env_LD_FOR_TARGET_set=
ac_cv_env_LD_FOR_TARGET_value=
ac_cv_env_LD_set=
ac_cv_env_LD_value=
ac_cv_env_LIBS_set=
ac_cv_env_LIBS_value=
ac_cv_env_LIPO_FOR_TARGET_set=
ac_cv_env_LIPO_FOR_TARGET_value=
ac_cv_env_LIPO_set=
ac_cv_env_LIPO_value=
ac_cv_env_NM_FOR_TARGET_set=
ac_cv_env_NM_FOR_TARGET_value=
ac_cv_env_NM_set=
ac_cv_env_NM_value=
ac_cv_env_OBJCOPY_set=
ac_cv_env_OBJCOPY_value=
ac_cv_env_OBJDUMP_FOR_TARGET_set=
ac_cv_env_OBJDUMP_FOR_TARGET_value=
ac_cv_env_OBJDUMP_set=
ac_cv_env_OBJDUMP_value=
ac_cv_env_RANLIB_FOR_TARGET_set=
ac_cv_env_RANLIB_FOR_TARGET_value=
ac_cv_env_RANLIB_set=
ac_cv_env_RANLIB_value=
ac_cv_env_READELF_FOR_TARGET_set=
ac_cv_env_READELF_FOR_TARGET_value=
ac_cv_env_READELF_set=
ac_cv_env_READELF_value=
ac_cv_env_STRIP_FOR_TARGET_set=
ac_cv_env_STRIP_FOR_TARGET_value=
ac_cv_env_STRIP_set=
ac_cv_env_STRIP_value=
ac_cv_env_WINDMC_FOR_TARGET_set=
ac_cv_env_WINDMC_FOR_TARGET_value=
ac_cv_env_WINDMC_set=
ac_cv_env_WINDMC_value=
ac_cv_env_WINDRES_FOR_TARGET_set=
ac_cv_env_WINDRES_FOR_TARGET_value=
ac_cv_env_WINDRES_set=
ac_cv_env_WINDRES_value=
ac_cv_env_build_alias_set=set
ac_cv_env_build_alias_value=x86_64-w64-mingw32
ac_cv_env_build_configargs_set=
ac_cv_env_build_configargs_value=
ac_cv_env_host_alias_set=set
ac_cv_env_host_alias_value=x86_64-w64-mingw32
ac_cv_env_host_configargs_set=
ac_cv_env_host_configargs_value=
ac_cv_env_target_alias_set=set
ac_cv_env_target_alias_value=x86_64-w64-mingw32
ac_cv_env_target_configargs_set=
ac_cv_env_target_configargs_value=
ac_cv_exeext=.exe
ac_cv_host=x86_64-w64-mingw32
ac_cv_objext=o
ac_cv_path_AR_FOR_TARGET=/mingw64/x86_64-w64-mingw32/bin/ar
ac_cv_path_AS_FOR_TARGET=/mingw64/x86_64-w64-mingw32/bin/as
ac_cv_path_DLLTOOL_FOR_TARGET=/mingw64/x86_64-w64-mingw32/bin/dlltool
ac_cv_path_LD_FOR_TARGET=/mingw64/x86_64-w64-mingw32/bin/ld
ac_cv_path_NM_FOR_TARGET=/mingw64/x86_64-w64-mingw32/bin/nm
ac_cv_path_OBJDUMP_FOR_TARGET=/mingw64/x86_64-w64-mingw32/bin/objdump
ac_cv_path_RANLIB_FOR_TARGET=/mingw64/x86_64-w64-mingw32/bin/ranlib
ac_cv_path_SED=/usr/bin/sed
ac_cv_path_STRIP_FOR_TARGET=/mingw64/x86_64-w64-mingw32/bin/strip
ac_cv_path_install='/usr/bin/install -c'
ac_cv_prog_AR=ar
ac_cv_prog_AS=as
ac_cv_prog_AWK=gawk
ac_cv_prog_CC=x86_64-w64-mingw32-gcc
ac_cv_prog_CC_FOR_TARGET=cc
ac_cv_prog_CXX=x86_64-w64-mingw32-g++
ac_cv_prog_CXX_FOR_TARGET=x86_64-w64-mingw32-c++
ac_cv_prog_DLLTOOL=dlltool
ac_cv_prog_FLEX=flex
ac_cv_prog_GCC_FOR_TARGET=x86_64-w64-mingw32-gcc
ac_cv_prog_LD=D:/casdev/msys64/mingw64/bin/../lib/gcc/x86_64-w64-mingw32/4.9.2/../../../../x86_64-w64-mingw32/bin/ld.exe
ac_cv_prog_LEX=flex
ac_cv_prog_M4=m4
ac_cv_prog_MAKEINFO=makeinfo
ac_cv_prog_NM=nm
ac_cv_prog_OBJCOPY=objcopy
ac_cv_prog_OBJDUMP=objdump
ac_cv_prog_RANLIB=ranlib
ac_cv_prog_READELF=readelf
ac_cv_prog_READELF_FOR_TARGET=readelf
ac_cv_prog_STRIP=strip
ac_cv_prog_WINDMC=windmc
ac_cv_prog_WINDMC_FOR_TARGET=windmc
ac_cv_prog_WINDRES=windres
ac_cv_prog_WINDRES_FOR_TARGET=windres
ac_cv_prog_ac_ct_GNATBIND=gnatbind
ac_cv_prog_ac_ct_GNATMAKE=gnatmake
ac_cv_prog_cc_c89=
ac_cv_prog_cc_g=yes
ac_cv_prog_cxx_g=yes
ac_cv_target=x86_64-w64-mingw32
acx_cv_cc_gcc_supports_ada=yes
acx_cv_prog_LN=ln
gcc_cv_prog_cmp_skip='cmp --ignore-initial=16 $$f1 $$f2'
gcc_cv_tool_dirs=/mingw64/libexec/gcc/x86_64-w64-mingw32/4.9.2:/mingw64/libexec/gcc/x86_64-w64-mingw32:/usr/lib/gcc/x86_64-w64-mingw32/4.9.2:/usr/lib/gcc/x86_64-w64-mingw32:/mingw64/x86_64-w64-mingw32/bin/x86_64-w64-mingw32/4.9.2:/mingw64/x86_64-w64-mingw32/bin:
gcc_cv_tool_prefix=/mingw64
lt_cv_objdir=.libs

## ----------------- ##
## Output variables. ##
## ----------------- ##

AR='ar'
AR_FOR_BUILD='$(AR)'
AR_FOR_TARGET='/mingw64/x86_64-w64-mingw32/bin/ar'
AS='as'
AS_FOR_BUILD='$(AS)'
AS_FOR_TARGET='/mingw64/x86_64-w64-mingw32/bin/as'
AWK='gawk'
BISON='/d/casdev/gcc-mcdc/mingw-w64-i686-gcc/src/gcc-4.9.2/missing bison'
BUILD_CONFIG='bootstrap-debug'
CC='x86_64-w64-mingw32-gcc'
CC_FOR_BUILD='$(CC)'
CC_FOR_TARGET='$$r/$(HOST_SUBDIR)/gcc/xgcc -B$$r/$(HOST_SUBDIR)/gcc/'
CFLAGS='-march=x86-64 -mtune=generic -O2 -pipe'
CFLAGS_FOR_BUILD='-march=x86-64 -mtune=generic -O2 -pipe'
CFLAGS_FOR_TARGET='-g -march=x86-64 -mtune=generic -O2 -pipe'
COMPILER_AS_FOR_TARGET='$$r/$(HOST_SUBDIR)/gcc/as'
COMPILER_LD_FOR_TARGET='$$r/$(HOST_SUBDIR)/gcc/collect-ld'
COMPILER_NM_FOR_TARGET='$$r/$(HOST_SUBDIR)/gcc/nm'
CONFIGURE_GDB_TK=''
CPPFLAGS='-D_FORTIFY_SOURCE=2 -D__USE_MINGW_ANSI_STDIO=1'
CXX='x86_64-w64-mingw32-g++'
CXXFLAGS='-march=x86-64 -mtune=generic -O2 -pipe'
CXXFLAGS_FOR_BUILD='-march=x86-64 -mtune=generic -O2 -pipe'
CXXFLAGS_FOR_TARGET='-g -march=x86-64 -mtune=generic -O2 -pipe'
CXX_FOR_BUILD='$(CXX)'
CXX_FOR_TARGET='$$r/$(HOST_SUBDIR)/gcc/xg++ -B$$r/$(HOST_SUBDIR)/gcc/ -nostdinc++ `if test -f $$r/$(TARGET_SUBDIR)/libstdc++-v3/scripts/testsuite_flags; then $(SHELL) $$r/$(TARGET_SUBDIR)/libstdc++-v3/scripts/testsuite_flags --build-includes; else echo -funconfigured-libstdc++-v3 ; fi` -L$$r/$(TARGET_SUBDIR)/libstdc++-v3/src -L$$r/$(TARGET_SUBDIR)/libstdc++-v3/src/.libs -L$$r/$(TARGET_SUBDIR)/libstdc++-v3/libsupc++/.libs'
DEBUG_PREFIX_CFLAGS_FOR_TARGET=''
DEFS='-DPACKAGE_NAME=\"\" -DPACKAGE_TARNAME=\"\" -DPACKAGE_VERSION=\"\" -DPACKAGE_STRING=\"\" -DPACKAGE_BUGREPORT=\"\" -DPACKAGE_URL=\"\" -DLT_OBJDIR=\".libs/\"'
DLLTOOL='dlltool'
DLLTOOL_FOR_BUILD='$(DLLTOOL)'
DLLTOOL_FOR_TARGET='/mingw64/x86_64-w64-mingw32/bin/dlltool'
ECHO_C=''
ECHO_N='-n'
ECHO_T=''
EXEEXT='.exe'
EXPECT='expect'
EXTRA_CONFIGARGS_LIBJAVA='--disable-static'
FLAGS_FOR_TARGET=' -L${prefix}/${target}/lib -L${prefix}/lib -isystem ${prefix}/${target}/include -isystem ${prefix}/include -B$(build_tooldir)/bin/ -B$(build_tooldir)/lib/ -isystem $(build_tooldir)/include -isystem $(build_tooldir)/sys-include'
FLEX='flex'
GCC_FOR_TARGET='$$r/$(HOST_SUBDIR)/gcc/xgcc -B$$r/$(HOST_SUBDIR)/gcc/'
GCC_SHLIB_SUBDIR='/shlib'
GCJ_FOR_BUILD='$(GCJ)'
GCJ_FOR_TARGET='$(GCJ)'
GDB_TK=''
GFORTRAN_FOR_BUILD='$(GFORTRAN)'
GFORTRAN_FOR_TARGET='$(GFORTRAN)'
GNATBIND='gnatbind'
GNATMAKE='gnatmake'
GOC_FOR_BUILD='$(GOC)'
GOC_FOR_TARGET='$(GOC)'
INSTALL_DATA='${INSTALL} -m 644'
INSTALL_GDB_TK=''
INSTALL_PROGRAM='${INSTALL}'
INSTALL_SCRIPT='${INSTALL}'
LD='D:/casdev/msys64/mingw64/bin/../lib/gcc/x86_64-w64-mingw32/4.9.2/../../../../x86_64-w64-mingw32/bin/ld.exe'
LDFLAGS='-pipe'
LDFLAGS_FOR_BUILD='-pipe'
LDFLAGS_FOR_TARGET=''
LD_FOR_BUILD='$(LD)'
LD_FOR_TARGET='/mingw64/x86_64-w64-mingw32/bin/ld'
LEX='flex'
LIBOBJS=''
LIBS=''
LIPO='lipo'
LIPO_FOR_TARGET='$(LIPO)'
LN='ln'
LN_S='cp -p'
LTLIBOBJS=''
M4='m4'
MAINT='#'
MAINTAINER_MODE_FALSE=''
MAINTAINER_MODE_TRUE='#'
MAKEINFO='makeinfo'
NM='nm'
NM_FOR_BUILD='$(NM)'
NM_FOR_TARGET='/mingw64/x86_64-w64-mingw32/bin/nm'
OBJCOPY='objcopy'
OBJDUMP='objdump'
OBJDUMP_FOR_TARGET='/mingw64/x86_64-w64-mingw32/bin/objdump'
OBJEXT='o'
PACKAGE_BUGREPORT=''
PACKAGE_NAME=''
PACKAGE_STRING=''
PACKAGE_TARNAME=''
PACKAGE_URL=''
PACKAGE_VERSION=''
PATH_SEPARATOR=':'
RANLIB='ranlib'
RANLIB_FOR_BUILD='$(RANLIB)'
RANLIB_FOR_TARGET='/mingw64/x86_64-w64-mingw32/bin/ranlib'
RAW_CXX_FOR_TARGET='$$r/$(HOST_SUBDIR)/gcc/xgcc -shared-libgcc -B$$r/$(HOST_SUBDIR)/gcc -nostdinc++ -L$$r/$(TARGET_SUBDIR)/libstdc++-v3/src -L$$r/$(TARGET_SUBDIR)/libstdc++-v3/src/.libs -L$$r/$(TARGET_SUBDIR)/libstdc++-v3/libsupc++/.libs'
READELF='readelf'
READELF_FOR_TARGET='$(READELF)'
RPATH_ENVVAR='PATH'
RUNTEST='runtest'
SED='/usr/bin/sed'
SHELL='/bin/sh'
STRIP='strip'
STRIP_FOR_TARGET='/mingw64/x86_64-w64-mingw32/bin/strip'
SYSROOT_CFLAGS_FOR_TARGET=''
TOPLEVEL_CONFIGURE_ARGUMENTS='../gcc-4.9.2/configure --prefix=/mingw64 --with-local-prefix=/mingw64/local --build=x86_64-w64-mingw32 --host=x86_64-w64-mingw32 --target=x86_64-w64-mingw32 --with-native-system-header-dir=/mingw64/x86_64-w64-mingw32/include --libexecdir=/mingw64/lib --with-gxx-include-dir=/mingw64/include/c++/4.9.2 --enable-bootstrap --with-arch=x86-64 --with-tune=generic --enable-languages=c,c++ --enable-shared --enable-static --enable-libatomic --enable-threads=posix --enable-graphite --enable-fully-dynamic-string --enable-libstdcxx-time=yes --disable-libstdcxx-pch --disable-libstdcxx-debug --enable-cloog-backend=isl --enable-version-specific-runtime-libs --disable-cloog-version-check --disable-isl-version-check --enable-lto --enable-libgomp --disable-multilib --enable-checking=release --disable-rpath --disable-win32-registry --disable-nls --disable-werror --disable-symvers --with-libiconv --with-system-zlib --with-gmp=/mingw64 --with-mpfr=/mingw64 --with-mpc=/mingw64 --with-isl=/mingw64 --with-cloog=/mingw64 --with-pkgversion='\''Rev5, Built by MSYS2 project'\'' --with-bugurl=http://sourceforge.net/projects/msys2 --with-gnu-as --with-gnu-ld'
WINDMC='windmc'
WINDMC_FOR_BUILD='$(WINDMC)'
WINDMC_FOR_TARGET='$(WINDMC)'
WINDRES='windres'
WINDRES_FOR_BUILD='$(WINDRES)'
WINDRES_FOR_TARGET='$(WINDRES)'
YACC='/d/casdev/gcc-mcdc/mingw-w64-i686-gcc/src/gcc-4.9.2/missing bison -y'
ac_ct_CC=''
ac_ct_CXX=''
bindir='${exec_prefix}/bin'
build='x86_64-w64-mingw32'
build_alias='x86_64-w64-mingw32'
build_configargs=' --cache-file=../config.cache '\''--prefix=/mingw64'\'' '\''--with-local-prefix=/mingw64/local'\'' '\''--with-native-system-header-dir=/mingw64/x86_64-w64-mingw32/include'\'' '\''--libexecdir=/mingw64/lib'\'' '\''--with-gxx-include-dir=/mingw64/include/c++/4.9.2'\'' '\''--enable-bootstrap'\'' '\''--with-arch=x86-64'\'' '\''--with-tune=generic'\'' '\''--enable-shared'\'' '\''--enable-static'\'' '\''--enable-libatomic'\'' '\''--enable-threads=posix'\'' '\''--enable-graphite'\'' '\''--enable-fully-dynamic-string'\'' '\''--enable-libstdcxx-time=yes'\'' '\''--disable-libstdcxx-pch'\'' '\''--disable-libstdcxx-debug'\'' '\''--enable-cloog-backend=isl'\'' '\''--enable-version-specific-runtime-libs'\'' '\''--disable-cloog-version-check'\'' '\''--disable-isl-version-check'\'' '\''--enable-lto'\'' '\''--enable-libgomp'\'' '\''--disable-multilib'\'' '\''--enable-checking=release'\'' '\''--disable-rpath'\'' '\''--disable-win32-registry'\'' '\''--disable-nls'\'' '\''--disable-werror'\'' '\''--disable-symvers'\'' '\''--with-libiconv'\'' '\''--with-system-zlib'\'' '\''--with-gmp=/mingw64'\'' '\''--with-mpfr=/mingw64'\'' '\''--with-mpc=/mingw64'\'' '\''--with-isl=/mingw64'\'' '\''--with-cloog=/mingw64'\'' '\''--with-pkgversion=Rev5, Built by MSYS2 project'\'' '\''--with-bugurl=http://sourceforge.net/projects/msys2'\'' '\''--with-gnu-as'\'' '\''--with-gnu-ld'\'' '\''--enable-languages=c,c++,lto'\'' --program-transform-name='\''s,y,y,'\'' --disable-option-checking'
build_configdirs=' libiberty fixincludes'
build_cpu='x86_64'
build_libsubdir='build-x86_64-w64-mingw32'
build_noncanonical='x86_64-w64-mingw32'
build_os='mingw32'
build_subdir='build-x86_64-w64-mingw32'
build_tooldir='${exec_prefix}/x86_64-w64-mingw32'
build_vendor='w64'
clooginc='-DCLOOG_INT_GMP -I/mingw64/include'
clooglibs='-L/mingw64/lib -lcloog-isl -L/mingw64/lib -lisl'
compare_exclusions='gcc/cc*-checksum$(objext) | gcc/ada/*tools/*'
configdirs=' intl libiberty libbacktrace libcpp libdecnumber fixincludes gcc lto-plugin'
datadir='${datarootdir}'
datarootdir='${prefix}/share'
do_compare='cmp --ignore-initial=16 $$f1 $$f2'
docdir='${datarootdir}/doc/${PACKAGE}'
dvidir='${docdir}'
exec_prefix='${prefix}'
extra_host_libiberty_configure_flags='--enable-shared'
extra_isl_gmp_configure_flags=''
extra_mpc_gmp_configure_flags=''
extra_mpc_mpfr_configure_flags=''
extra_mpfr_configure_flags=''
gmpinc='-I/mingw64/include -I/mingw64/include -I/mingw64/include '
gmplibs='-L/mingw64/lib -L/mingw64/lib -L/mingw64/lib -lmpc -lmpfr -lgmp'
host='x86_64-w64-mingw32'
host_alias='x86_64-w64-mingw32'
host_configargs=' --cache-file=./config.cache  --with-system-zlib '\''--prefix=/mingw64'\'' '\''--with-local-prefix=/mingw64/local'\'' '\''--with-native-system-header-dir=/mingw64/x86_64-w64-mingw32/include'\'' '\''--libexecdir=/mingw64/lib'\'' '\''--with-gxx-include-dir=/mingw64/include/c++/4.9.2'\'' '\''--enable-bootstrap'\'' '\''--with-arch=x86-64'\'' '\''--with-tune=generic'\'' '\''--enable-shared'\'' '\''--enable-static'\'' '\''--enable-libatomic'\'' '\''--enable-threads=posix'\'' '\''--enable-graphite'\'' '\''--enable-fully-dynamic-string'\'' '\''--enable-libstdcxx-time=yes'\'' '\''--disable-libstdcxx-pch'\'' '\''--disable-libstdcxx-debug'\'' '\''--enable-cloog-backend=isl'\'' '\''--enable-version-specific-runtime-libs'\'' '\''--disable-cloog-version-check'\'' '\''--disable-isl-version-check'\'' '\''--enable-lto'\'' '\''--enable-libgomp'\'' '\''--disable-multilib'\'' '\''--enable-checking=release'\'' '\''--disable-rpath'\'' '\''--disable-win32-registry'\'' '\''--disable-nls'\'' '\''--disable-werror'\'' '\''--disable-symvers'\'' '\''--with-libiconv'\'' '\''--with-system-zlib'\'' '\''--with-gmp=/mingw64'\'' '\''--with-mpfr=/mingw64'\'' '\''--with-mpc=/mingw64'\'' '\''--with-isl=/mingw64'\'' '\''--with-cloog=/mingw64'\'' '\''--with-pkgversion=Rev5, Built by MSYS2 project'\'' '\''--with-bugurl=http://sourceforge.net/projects/msys2'\'' '\''--with-gnu-as'\'' '\''--with-gnu-ld'\'' '\''--enable-languages=c,c++,lto'\'' --program-transform-name='\''s,y,y,'\'' --disable-option-checking'
host_cpu='x86_64'
host_noncanonical='x86_64-w64-mingw32'
host_os='mingw32'
host_shared='no'
host_subdir='.'
host_vendor='w64'
htmldir='${docdir}'
includedir='${prefix}/include'
infodir='${datarootdir}/info'
islinc='-I/mingw64/include'
libdir='${exec_prefix}/lib'
libexecdir='/mingw64/lib'
localedir='${datarootdir}/locale'
localstatedir='${prefix}/var'
mandir='${datarootdir}/man'
oldincludedir='/usr/include'
pdfdir='${docdir}'
poststage1_ldflags='-static-libstdc++ -static-libgcc'
poststage1_libs=''
prefix='/mingw64'
program_transform_name='s,y,y,'
psdir='${docdir}'
sbindir='${exec_prefix}/sbin'
sharedstatedir='${prefix}/com'
stage1_cflags='-g'
stage1_checking='--enable-checking=release,types'
stage1_languages='c,c++,lto'
stage1_ldflags='-static-libstdc++ -static-libgcc'
stage1_libs=''
stage2_werror_flag=''
sysconfdir='${prefix}/etc'
target='x86_64-w64-mingw32'
target_alias='x86_64-w64-mingw32'
target_configargs='--cache-file=./config.cache   '\''--prefix=/mingw64'\'' '\''--with-local-prefix=/mingw64/local'\'' '\''--with-native-system-header-dir=/mingw64/x86_64-w64-mingw32/include'\'' '\''--libexecdir=/mingw64/lib'\'' '\''--with-gxx-include-dir=/mingw64/include/c++/4.9.2'\'' '\''--enable-bootstrap'\'' '\''--with-arch=x86-64'\'' '\''--with-tune=generic'\'' '\''--enable-shared'\'' '\''--enable-static'\'' '\''--enable-libatomic'\'' '\''--enable-threads=posix'\'' '\''--enable-graphite'\'' '\''--enable-fully-dynamic-string'\'' '\''--enable-libstdcxx-time=yes'\'' '\''--disable-libstdcxx-pch'\'' '\''--disable-libstdcxx-debug'\'' '\''--enable-cloog-backend=isl'\'' '\''--enable-version-specific-runtime-libs'\'' '\''--disable-cloog-version-check'\'' '\''--disable-isl-version-check'\'' '\''--enable-lto'\'' '\''--enable-libgomp'\'' '\''--disable-multilib'\'' '\''--enable-checking=release'\'' '\''--disable-rpath'\'' '\''--disable-win32-registry'\'' '\''--disable-nls'\'' '\''--disable-werror'\'' '\''--disable-symvers'\'' '\''--with-libiconv'\'' '\''--with-system-zlib'\'' '\''--with-gmp=/mingw64'\'' '\''--with-mpfr=/mingw64'\'' '\''--with-mpc=/mingw64'\'' '\''--with-isl=/mingw64'\'' '\''--with-cloog=/mingw64'\'' '\''--with-pkgversion=Rev5, Built by MSYS2 project'\'' '\''--with-bugurl=http://sourceforge.net/projects/msys2'\'' '\''--with-gnu-as'\'' '\''--with-gnu-ld'\'' '\''--enable-languages=c,c++,lto'\'' --program-transform-name='\''s,y,y,'\'' --disable-option-checking'
target_configdirs=' libgcc libgomp libatomic libstdc++-v3 libssp libquadmath'
target_cpu='x86_64'
target_noncanonical='x86_64-w64-mingw32'
target_os='mingw32'
target_subdir='x86_64-w64-mingw32'
target_vendor='w64'
tooldir='${exec_prefix}/x86_64-w64-mingw32'

## ------------------- ##
## File substitutions. ##
## ------------------- ##

alphaieee_frag='/dev/null'
host_makefile_frag='../gcc-4.9.2/config/mh-mingw'
ospace_frag='/dev/null'
serialization_dependencies='serdep.tmp'
target_makefile_frag='/dev/null'

## ----------- ##
## confdefs.h. ##
## ----------- ##

/* confdefs.h */
#define PACKAGE_NAME ""
#define PACKAGE_TARNAME ""
#define PACKAGE_VERSION ""
#define PACKAGE_STRING ""
#define PACKAGE_BUGREPORT ""
#define PACKAGE_URL ""
#define LT_OBJDIR ".libs/"

configure: exit 0
